Demo/app/build/intermediates/manifest_merge_blame_file/release/manifest-merger-blame-release-report.txt
1<?xml version="1.0" encoding="utf-8"?>
2<manifest xmlns:android="http://schemas.android.com/apk/res/android"
3    package="io.openim.android.demo"
4    android:versionCode="1"
5    android:versionName="1.0" >
6
7    <uses-sdk
8        android:minSdkVersion="21"
8-->src/main/AndroidManifest.xml
9        android:targetSdkVersion="32" />
9-->src/main/AndroidManifest.xml
10
11    <uses-permission android:name="android.permission.ACCESS_NETWORK_STATE" />
11-->[:OUICore] AndroidManifest.xml:9:5-79
11-->[:OUICore] AndroidManifest.xml:9:22-76
12    <uses-permission android:name="android.permission.INTERNET" />
12-->[:OUICore] AndroidManifest.xml:10:5-67
12-->[:OUICore] AndroidManifest.xml:10:22-64
13
14    <application
14-->src/main/AndroidManifest.xml:5:5-42:19
15        android:name="io.openim.android.demo.DemoApplication"
15-->src/main/AndroidManifest.xml:6:9-40
16        android:allowBackup="true"
16-->src/main/AndroidManifest.xml:7:9-35
17        android:appComponentFactory="androidx.core.app.CoreComponentFactory"
17-->[androidx.core:core:1.5.0] AndroidManifest.xml:24:18-86
18        android:icon="@mipmap/ic_launcher"
18-->src/main/AndroidManifest.xml:8:9-43
19        android:label="@string/app_name"
19-->src/main/AndroidManifest.xml:9:9-41
20        android:supportsRtl="true"
20-->src/main/AndroidManifest.xml:10:9-35
21        android:theme="@style/Theme.Demo"
21-->src/main/AndroidManifest.xml:11:9-42
22        android:usesCleartextTraffic="true" >
22-->src/main/AndroidManifest.xml:12:9-44
23        <activity
23-->src/main/AndroidManifest.xml:13:9-15:40
24            android:name="io.openim.android.demo.ui.search.SendVerifyActivity"
24-->src/main/AndroidManifest.xml:14:13-57
25            android:exported="false" />
25-->src/main/AndroidManifest.xml:15:13-37
26        <activity
26-->src/main/AndroidManifest.xml:16:9-18:40
27            android:name="io.openim.android.demo.ui.search.PersonDetailActivity"
27-->src/main/AndroidManifest.xml:17:13-59
28            android:exported="false" />
28-->src/main/AndroidManifest.xml:18:13-37
29        <activity
29-->src/main/AndroidManifest.xml:19:9-21:40
30            android:name="io.openim.android.demo.ui.search.SearchPersonActivity"
30-->src/main/AndroidManifest.xml:20:13-59
31            android:exported="false" />
31-->src/main/AndroidManifest.xml:21:13-37
32        <activity
32-->src/main/AndroidManifest.xml:22:9-24:40
33            android:name="io.openim.android.demo.ui.search.AddFriendActivity"
33-->src/main/AndroidManifest.xml:23:13-56
34            android:exported="false" />
34-->src/main/AndroidManifest.xml:24:13-37
35        <activity
35-->src/main/AndroidManifest.xml:25:9-27:40
36            android:name="io.openim.android.demo.ui.login.RegisterActivity"
36-->src/main/AndroidManifest.xml:26:13-54
37            android:exported="false" />
37-->src/main/AndroidManifest.xml:27:13-37
38        <activity
38-->src/main/AndroidManifest.xml:28:9-30:40
39            android:name="io.openim.android.demo.ui.login.LoginActivity"
39-->src/main/AndroidManifest.xml:29:13-51
40            android:exported="false" />
40-->src/main/AndroidManifest.xml:30:13-37
41        <activity
41-->src/main/AndroidManifest.xml:31:9-40:20
42            android:name="io.openim.android.demo.SplashActivity"
42-->src/main/AndroidManifest.xml:32:13-43
43            android:exported="true"
43-->src/main/AndroidManifest.xml:33:13-36
44            android:theme="@style/SplashTheme" >
44-->src/main/AndroidManifest.xml:34:13-47
45            <intent-filter>
45-->src/main/AndroidManifest.xml:35:13-39:29
46                <action android:name="android.intent.action.MAIN" />
46-->src/main/AndroidManifest.xml:36:17-69
46-->src/main/AndroidManifest.xml:36:25-66
47
48                <category android:name="android.intent.category.LAUNCHER" />
48-->src/main/AndroidManifest.xml:38:17-77
48-->src/main/AndroidManifest.xml:38:27-74
49            </intent-filter>
50        </activity>
51        <activity android:name="io.openim.android.demo.ui.main.MainActivity" />
51-->src/main/AndroidManifest.xml:41:9-58
51-->src/main/AndroidManifest.xml:41:19-55
52        <activity
52-->[:OUIContact] AndroidManifest.xml:10:9-12:40
53            android:name="io.openim.android.ouicontact.ui.ChatActivity"
53-->[:OUIContact] AndroidManifest.xml:11:13-72
54            android:exported="false" />
54-->[:OUIContact] AndroidManifest.xml:12:13-37
55    </application>
56
57</manifest>